12-Mar-2023 17:40:20.239 INFO [main] org.apache.catalina.startup.VersionLoggerListener.log 서버 버전 이름:    Apache Tomcat/11.0.0-M4
12-Mar-2023 17:40:20.246 INFO [main] org.apache.catalina.startup.VersionLoggerListener.log Server 빌드 시각:  Feb 27 2023 19:50:56 UTC
12-Mar-2023 17:40:20.247 INFO [main] org.apache.catalina.startup.VersionLoggerListener.log Server 버전 번호:  11.0.0.0
12-Mar-2023 17:40:20.247 INFO [main] org.apache.catalina.startup.VersionLoggerListener.log 운영체제 이름:     Windows 11
12-Mar-2023 17:40:20.247 INFO [main] org.apache.catalina.startup.VersionLoggerListener.log 운영체제 버전:     10.0
12-Mar-2023 17:40:20.248 INFO [main] org.apache.catalina.startup.VersionLoggerListener.log 아키텍처:          amd64
12-Mar-2023 17:40:20.248 INFO [main] org.apache.catalina.startup.VersionLoggerListener.log 자바 홈:           C:\Program Files\Java\jdk-19
12-Mar-2023 17:40:20.248 INFO [main] org.apache.catalina.startup.VersionLoggerListener.log JVM 버전:          19.0.2+7-44
12-Mar-2023 17:40:20.250 INFO [main] org.apache.catalina.startup.VersionLoggerListener.log JVM 벤더:          Oracle Corporation
12-Mar-2023 17:40:20.250 INFO [main] org.apache.catalina.startup.VersionLoggerListener.log CATALINA_BASE:     C:\Users\mas96\OneDrive\바탕 화면\분기\23년 전반기\20230311JSP공부\apache-tomcat-11.0.0-M4
12-Mar-2023 17:40:20.251 INFO [main] org.apache.catalina.startup.VersionLoggerListener.log CATALINA_HOME:     C:\Users\mas96\OneDrive\바탕 화면\분기\23년 전반기\20230311JSP공부\apache-tomcat-11.0.0-M4
12-Mar-2023 17:40:20.267 INFO [main] org.apache.catalina.startup.VersionLoggerListener.log 명령 행 아규먼트:  -Djava.util.logging.config.file=C:\Users\mas96\OneDrive\바탕 화면\분기\23년 전반기\20230311JSP공부\apache-tomcat-11.0.0-M4\conf\logging.properties
12-Mar-2023 17:40:20.268 INFO [main] org.apache.catalina.startup.VersionLoggerListener.log 명령 행 아규먼트:  -Djava.util.logging.manager=org.apache.juli.ClassLoaderLogManager
12-Mar-2023 17:40:20.269 INFO [main] org.apache.catalina.startup.VersionLoggerListener.log 명령 행 아규먼트:  -Djdk.tls.ephemeralDHKeySize=2048
12-Mar-2023 17:40:20.269 INFO [main] org.apache.catalina.startup.VersionLoggerListener.log 명령 행 아규먼트:  -Djava.protocol.handler.pkgs=org.apache.catalina.webresources
12-Mar-2023 17:40:20.269 INFO [main] org.apache.catalina.startup.VersionLoggerListener.log 명령 행 아규먼트:  --add-opens=java.base/java.lang=ALL-UNNAMED
12-Mar-2023 17:40:20.270 INFO [main] org.apache.catalina.startup.VersionLoggerListener.log 명령 행 아규먼트:  --add-opens=java.base/java.io=ALL-UNNAMED
12-Mar-2023 17:40:20.270 INFO [main] org.apache.catalina.startup.VersionLoggerListener.log 명령 행 아규먼트:  --add-opens=java.base/java.util=ALL-UNNAMED
12-Mar-2023 17:40:20.270 INFO [main] org.apache.catalina.startup.VersionLoggerListener.log 명령 행 아규먼트:  --add-opens=java.base/java.util.concurrent=ALL-UNNAMED
12-Mar-2023 17:40:20.271 INFO [main] org.apache.catalina.startup.VersionLoggerListener.log 명령 행 아규먼트:  --add-opens=java.rmi/sun.rmi.transport=ALL-UNNAMED
12-Mar-2023 17:40:20.271 INFO [main] org.apache.catalina.startup.VersionLoggerListener.log 명령 행 아규먼트:  -Dcatalina.base=C:\Users\mas96\OneDrive\바탕 화면\분기\23년 전반기\20230311JSP공부\apache-tomcat-11.0.0-M4
12-Mar-2023 17:40:20.272 INFO [main] org.apache.catalina.startup.VersionLoggerListener.log 명령 행 아규먼트:  -Dcatalina.home=C:\Users\mas96\OneDrive\바탕 화면\분기\23년 전반기\20230311JSP공부\apache-tomcat-11.0.0-M4
12-Mar-2023 17:40:20.272 INFO [main] org.apache.catalina.startup.VersionLoggerListener.log 명령 행 아규먼트:  -Djava.io.tmpdir=C:\Users\mas96\OneDrive\바탕 화면\분기\23년 전반기\20230311JSP공부\apache-tomcat-11.0.0-M4\temp
12-Mar-2023 17:40:20.285 INFO [main] org.apache.catalina.core.AprLifecycleListener.lifecycleEvent APR 버전 [1.7.2]을(를) 사용한, APR 기반 Apache Tomcat Native 라이브러리 [2.0.3]을(를) 로드했습니다.
12-Mar-2023 17:40:20.309 INFO [main] org.apache.catalina.core.AprLifecycleListener.initializeSSL OpenSSL이 성공적으로 초기화되었습니다: [OpenSSL 3.0.8 7 Feb 2023]
12-Mar-2023 17:40:20.671 INFO [main] org.apache.coyote.AbstractProtocol.init 프로토콜 핸들러 ["http-nio-8080"]을(를) 초기화합니다.
12-Mar-2023 17:40:20.711 INFO [main] org.apache.catalina.startup.Catalina.load [785] 밀리초 내에 서버가 초기화되었습니다.
12-Mar-2023 17:40:20.791 INFO [main] org.apache.catalina.core.StandardService.startInternal 서비스 [Catalina]을(를) 시작합니다.
12-Mar-2023 17:40:20.791 INFO [main] org.apache.catalina.core.StandardEngine.startInternal 서버 엔진을 시작합니다: [Apache Tomcat/11.0.0-M4]
12-Mar-2023 17:40:20.814 INFO [main] org.apache.catalina.startup.HostConfig.deployDirectory 웹 애플리케이션 디렉토리 [C:\Users\mas96\OneDrive\바탕 화면\분기\23년 전반기\20230311JSP공부\apache-tomcat-11.0.0-M4\webapps\docs]을(를) 배치합니다.
12-Mar-2023 17:40:21.500 WARNING [main] org.apache.catalina.util.SessionIdGeneratorBase.createSecureRandom [SHA1PRNG] 알고리즘을 사용하여, 세션 ID를 생성하기 위한 SecureRandom 객체를 생성하는데, [121] 밀리초가 소요됐습니다.
12-Mar-2023 17:40:21.552 INFO [main] org.apache.catalina.startup.HostConfig.deployDirectory 웹 애플리케이션 디렉토리 [C:\Users\mas96\OneDrive\바탕 화면\분기\23년 전반기\20230311JSP공부\apache-tomcat-11.0.0-M4\webapps\docs]에 대한 배치가 [737] 밀리초에 완료되었습니다.
12-Mar-2023 17:40:21.553 INFO [main] org.apache.catalina.startup.HostConfig.deployDirectory 웹 애플리케이션 디렉토리 [C:\Users\mas96\OneDrive\바탕 화면\분기\23년 전반기\20230311JSP공부\apache-tomcat-11.0.0-M4\webapps\examples]을(를) 배치합니다.
12-Mar-2023 17:40:22.610 INFO [main] org.apache.catalina.startup.HostConfig.deployDirectory 웹 애플리케이션 디렉토리 [C:\Users\mas96\OneDrive\바탕 화면\분기\23년 전반기\20230311JSP공부\apache-tomcat-11.0.0-M4\webapps\examples]에 대한 배치가 [1,057] 밀리초에 완료되었습니다.
12-Mar-2023 17:40:22.610 INFO [main] org.apache.catalina.startup.HostConfig.deployDirectory 웹 애플리케이션 디렉토리 [C:\Users\mas96\OneDrive\바탕 화면\분기\23년 전반기\20230311JSP공부\apache-tomcat-11.0.0-M4\webapps\host-manager]을(를) 배치합니다.
12-Mar-2023 17:40:22.725 INFO [main] org.apache.catalina.startup.HostConfig.deployDirectory 웹 애플리케이션 디렉토리 [C:\Users\mas96\OneDrive\바탕 화면\분기\23년 전반기\20230311JSP공부\apache-tomcat-11.0.0-M4\webapps\host-manager]에 대한 배치가 [115] 밀리초에 완료되었습니다.
12-Mar-2023 17:40:22.726 INFO [main] org.apache.catalina.startup.HostConfig.deployDirectory 웹 애플리케이션 디렉토리 [C:\Users\mas96\OneDrive\바탕 화면\분기\23년 전반기\20230311JSP공부\apache-tomcat-11.0.0-M4\webapps\manager]을(를) 배치합니다.
12-Mar-2023 17:40:22.846 INFO [main] org.apache.catalina.startup.HostConfig.deployDirectory 웹 애플리케이션 디렉토리 [C:\Users\mas96\OneDrive\바탕 화면\분기\23년 전반기\20230311JSP공부\apache-tomcat-11.0.0-M4\webapps\manager]에 대한 배치가 [119] 밀리초에 완료되었습니다.
12-Mar-2023 17:40:22.847 INFO [main] org.apache.catalina.startup.HostConfig.deployDirectory 웹 애플리케이션 디렉토리 [C:\Users\mas96\OneDrive\바탕 화면\분기\23년 전반기\20230311JSP공부\apache-tomcat-11.0.0-M4\webapps\ROOT]을(를) 배치합니다.
12-Mar-2023 17:40:22.917 INFO [main] org.apache.catalina.startup.HostConfig.deployDirectory 웹 애플리케이션 디렉토리 [C:\Users\mas96\OneDrive\바탕 화면\분기\23년 전반기\20230311JSP공부\apache-tomcat-11.0.0-M4\webapps\ROOT]에 대한 배치가 [70] 밀리초에 완료되었습니다.
12-Mar-2023 17:40:22.925 INFO [main] org.apache.coyote.AbstractProtocol.start 프로토콜 핸들러 ["http-nio-8080"]을(를) 시작합니다.
12-Mar-2023 17:40:23.047 INFO [main] org.apache.catalina.startup.Catalina.start 서버가 [2333] 밀리초 내에 시작되었습니다.
